<?xml version="1.0" encoding="UTF-8"?>
<coverage generated="1732602295492" clover="3.2.0">
  <project timestamp="1732602295492" name="All files">
    <metrics statements="69" coveredstatements="52" conditionals="40" coveredconditionals="20" methods="22" coveredmethods="15" elements="131" coveredelements="87" complexity="0" loc="69" ncloc="69" packages="2" files="6" classes="6"/>
    <package name="src">
      <metrics statements="30" coveredstatements="29" conditionals="15" coveredconditionals="12" methods="7" coveredmethods="7"/>
      <file name="compareData.js" path="/mnt/d/front/frontend-project-46/src/compareData.js">
        <metrics statements="15" coveredstatements="15" conditionals="10" coveredconditionals="10" methods="2" coveredmethods="2"/>
        <line num="3" count="1" type="stmt"/>
        <line num="4" count="10" type="stmt"/>
        <line num="5" count="10" type="stmt"/>
        <line num="6" count="10" type="stmt"/>
        <line num="8" count="10" type="stmt"/>
        <line num="9" count="36" type="cond" truecount="2" falsecount="0"/>
        <line num="10" count="10" type="stmt"/>
        <line num="16" count="26" type="cond" truecount="2" falsecount="0"/>
        <line num="17" count="4" type="stmt"/>
        <line num="23" count="22" type="cond" truecount="4" falsecount="0"/>
        <line num="24" count="8" type="stmt"/>
        <line num="30" count="14" type="cond" truecount="2" falsecount="0"/>
        <line num="31" count="8" type="stmt"/>
        <line num="38" count="6" type="stmt"/>
        <line num="44" count="10" type="stmt"/>
      </file>
      <file name="index.js" path="/mnt/d/front/frontend-project-46/src/index.js">
        <metrics statements="10" coveredstatements="10" conditionals="1" coveredconditionals="0" methods="4" coveredmethods="4"/>
        <line num="7" count="4" type="stmt"/>
        <line num="8" count="4" type="stmt"/>
        <line num="9" count="4" type="stmt"/>
        <line num="11" count="1" type="cond" truecount="0" falsecount="1"/>
        <line num="12" count="2" type="stmt"/>
        <line num="13" count="2" type="stmt"/>
        <line num="14" count="2" type="stmt"/>
        <line num="15" count="2" type="stmt"/>
        <line num="16" count="2" type="stmt"/>
        <line num="18" count="2" type="stmt"/>
      </file>
      <file name="parser.js" path="/mnt/d/front/frontend-project-46/src/parser.js">
        <metrics statements="5" coveredstatements="4" conditionals="4" coveredconditionals="2" methods="1" coveredmethods="1"/>
        <line num="3" count="1" type="stmt"/>
        <line num="4" count="4" type="cond" truecount="2" falsecount="2"/>
        <line num="6" count="2" type="stmt"/>
        <line num="9" count="2" type="stmt"/>
        <line num="11" count="0" type="stmt"/>
      </file>
    </package>
    <package name="src.formatters">
      <metrics statements="39" coveredstatements="23" conditionals="25" coveredconditionals="8" methods="15" coveredmethods="8"/>
      <file name="index.js" path="/mnt/d/front/frontend-project-46/src/formatters/index.js">
        <metrics statements="6" coveredstatements="3" conditionals="4" coveredconditionals="1" methods="1" coveredmethods="1"/>
        <line num="4" count="1" type="stmt"/>
        <line num="5" count="2" type="cond" truecount="1" falsecount="3"/>
        <line num="7" count="2" type="stmt"/>
        <line num="10" count="0" type="stmt"/>
        <line num="13" count="0" type="stmt"/>
        <line num="16" count="0" type="stmt"/>
      </file>
      <file name="plain.js" path="/mnt/d/front/frontend-project-46/src/formatters/plain.js">
        <metrics statements="14" coveredstatements="2" conditionals="11" coveredconditionals="0" methods="7" coveredmethods="0"/>
        <line num="3" count="1" type="stmt"/>
        <line num="4" count="0" type="cond" truecount="0" falsecount="2"/>
        <line num="5" count="0" type="stmt"/>
        <line num="7" count="0" type="cond" truecount="0" falsecount="2"/>
        <line num="10" count="1" type="cond" truecount="0" falsecount="1"/>
        <line num="11" count="0" type="cond" truecount="0" falsecount="6"/>
        <line num="13" count="0" type="stmt"/>
        <line num="15" count="0" type="stmt"/>
        <line num="17" count="0" type="stmt"/>
        <line num="19" count="0" type="stmt"/>
        <line num="21" count="0" type="stmt"/>
        <line num="22" count="0" type="stmt"/>
        <line num="24" count="0" type="stmt"/>
        <line num="28" count="0" type="stmt"/>
      </file>
      <file name="stylish.js" path="/mnt/d/front/frontend-project-46/src/formatters/stylish.js">
        <metrics statements="19" coveredstatements="18" conditionals="10" coveredconditionals="7" methods="7" coveredmethods="7"/>
        <line num="3" count="1" type="stmt"/>
        <line num="10" count="1" type="stmt"/>
        <line num="11" count="84" type="stmt"/>
        <line num="12" count="84" type="stmt"/>
        <line num="15" count="1" type="cond" truecount="0" falsecount="1"/>
        <line num="16" count="54" type="cond" truecount="2" falsecount="0"/>
        <line num="17" count="40" type="stmt"/>
        <line num="19" count="14" type="stmt"/>
        <line num="20" count="14" type="stmt"/>
        <line num="21" count="18" type="stmt"/>
        <line num="26" count="14" type="stmt"/>
        <line num="29" count="1" type="cond" truecount="0" falsecount="1"/>
        <line num="30" count="36" type="cond" truecount="5" falsecount="1"/>
        <line num="34" count="20" type="stmt"/>
        <line num="38" count="8" type="stmt"/>
        <line num="44" count="8" type="stmt"/>
        <line num="45" count="28" type="stmt"/>
        <line num="48" count="0" type="stmt"/>
        <line num="52" count="8" type="stmt"/>
      </file>
    </package>
  </project>
</coverage>
