{"D:\\front\\frontend-project-46\\src\\compareData.js": {"path":"D:\\front\\frontend-project-46\\src\\compareData.js","all":false,"statementMap":{"0":{"start":{"line":1,"column":0},"end":{"line":1,"column":23}},"1":{"start":{"line":2,"column":0},"end":{"line":2,"column":0}},"2":{"start":{"line":3,"column":0},"end":{"line":3,"column":37}},"3":{"start":{"line":4,"column":0},"end":{"line":4,"column":29}},"4":{"start":{"line":5,"column":0},"end":{"line":5,"column":29}},"5":{"start":{"line":6,"column":0},"end":{"line":6,"column":53}},"6":{"start":{"line":7,"column":0},"end":{"line":7,"column":0}},"7":{"start":{"line":8,"column":0},"end":{"line":8,"column":42}},"8":{"start":{"line":9,"column":0},"end":{"line":9,"column":28}},"9":{"start":{"line":10,"column":0},"end":{"line":10,"column":14}},"10":{"start":{"line":11,"column":0},"end":{"line":11,"column":12}},"11":{"start":{"line":12,"column":0},"end":{"line":12,"column":25}},"12":{"start":{"line":13,"column":0},"end":{"line":13,"column":22}},"13":{"start":{"line":14,"column":0},"end":{"line":14,"column":8}},"14":{"start":{"line":15,"column":0},"end":{"line":15,"column":5}},"15":{"start":{"line":16,"column":0},"end":{"line":16,"column":28}},"16":{"start":{"line":17,"column":0},"end":{"line":17,"column":14}},"17":{"start":{"line":18,"column":0},"end":{"line":18,"column":12}},"18":{"start":{"line":19,"column":0},"end":{"line":19,"column":25}},"19":{"start":{"line":20,"column":0},"end":{"line":20,"column":24}},"20":{"start":{"line":21,"column":0},"end":{"line":21,"column":8}},"21":{"start":{"line":22,"column":0},"end":{"line":22,"column":5}},"22":{"start":{"line":23,"column":0},"end":{"line":23,"column":57}},"23":{"start":{"line":24,"column":0},"end":{"line":24,"column":14}},"24":{"start":{"line":25,"column":0},"end":{"line":25,"column":12}},"25":{"start":{"line":26,"column":0},"end":{"line":26,"column":23}},"26":{"start":{"line":27,"column":0},"end":{"line":27,"column":52}},"27":{"start":{"line":28,"column":0},"end":{"line":28,"column":8}},"28":{"start":{"line":29,"column":0},"end":{"line":29,"column":5}},"29":{"start":{"line":30,"column":0},"end":{"line":30,"column":34}},"30":{"start":{"line":31,"column":0},"end":{"line":31,"column":14}},"31":{"start":{"line":32,"column":0},"end":{"line":32,"column":12}},"32":{"start":{"line":33,"column":0},"end":{"line":33,"column":31}},"33":{"start":{"line":34,"column":0},"end":{"line":34,"column":30}},"34":{"start":{"line":35,"column":0},"end":{"line":35,"column":24}},"35":{"start":{"line":36,"column":0},"end":{"line":36,"column":8}},"36":{"start":{"line":37,"column":0},"end":{"line":37,"column":5}},"37":{"start":{"line":38,"column":0},"end":{"line":38,"column":12}},"38":{"start":{"line":39,"column":0},"end":{"line":39,"column":10}},"39":{"start":{"line":40,"column":0},"end":{"line":40,"column":23}},"40":{"start":{"line":41,"column":0},"end":{"line":41,"column":24}},"41":{"start":{"line":42,"column":0},"end":{"line":42,"column":6}},"42":{"start":{"line":43,"column":0},"end":{"line":43,"column":5}},"43":{"start":{"line":44,"column":0},"end":{"line":44,"column":16}},"44":{"start":{"line":45,"column":0},"end":{"line":45,"column":2}},"45":{"start":{"line":46,"column":0},"end":{"line":46,"column":0}},"46":{"start":{"line":47,"column":0},"end":{"line":47,"column":27}}},"s":{"0":1,"1":1,"2":1,"3":35,"4":35,"5":35,"6":35,"7":35,"8":126,"9":35,"10":35,"11":35,"12":35,"13":35,"14":35,"15":126,"16":14,"17":14,"18":14,"19":14,"20":14,"21":14,"22":126,"23":28,"24":28,"25":28,"26":28,"27":28,"28":28,"29":126,"30":28,"31":28,"32":28,"33":28,"34":28,"35":28,"36":28,"37":21,"38":21,"39":21,"40":21,"41":21,"42":35,"43":35,"44":35,"45":1,"46":1},"branchMap":{"0":{"type":"branch","line":3,"loc":{"start":{"line":3,"column":20},"end":{"line":45,"column":2}},"locations":[{"start":{"line":3,"column":20},"end":{"line":45,"column":2}}]},"1":{"type":"branch","line":8,"loc":{"start":{"line":8,"column":33},"end":{"line":43,"column":3}},"locations":[{"start":{"line":8,"column":33},"end":{"line":43,"column":3}}]},"2":{"type":"branch","line":9,"loc":{"start":{"line":9,"column":27},"end":{"line":15,"column":5}},"locations":[{"start":{"line":9,"column":27},"end":{"line":15,"column":5}}]},"3":{"type":"branch","line":15,"loc":{"start":{"line":15,"column":4},"end":{"line":16,"column":27}},"locations":[{"start":{"line":15,"column":4},"end":{"line":16,"column":27}}]},"4":{"type":"branch","line":16,"loc":{"start":{"line":16,"column":27},"end":{"line":22,"column":5}},"locations":[{"start":{"line":16,"column":27},"end":{"line":22,"column":5}}]},"5":{"type":"branch","line":22,"loc":{"start":{"line":22,"column":4},"end":{"line":23,"column":33}},"locations":[{"start":{"line":22,"column":4},"end":{"line":23,"column":33}}]},"6":{"type":"branch","line":23,"loc":{"start":{"line":23,"column":29},"end":{"line":23,"column":54}},"locations":[{"start":{"line":23,"column":29},"end":{"line":23,"column":54}}]},"7":{"type":"branch","line":23,"loc":{"start":{"line":23,"column":56},"end":{"line":29,"column":5}},"locations":[{"start":{"line":23,"column":56},"end":{"line":29,"column":5}}]},"8":{"type":"branch","line":29,"loc":{"start":{"line":29,"column":4},"end":{"line":30,"column":33}},"locations":[{"start":{"line":29,"column":4},"end":{"line":30,"column":33}}]},"9":{"type":"branch","line":30,"loc":{"start":{"line":30,"column":33},"end":{"line":37,"column":5}},"locations":[{"start":{"line":30,"column":33},"end":{"line":37,"column":5}}]},"10":{"type":"branch","line":37,"loc":{"start":{"line":37,"column":4},"end":{"line":43,"column":3}},"locations":[{"start":{"line":37,"column":4},"end":{"line":43,"column":3}}]}},"b":{"0":[35],"1":[126],"2":[35],"3":[91],"4":[14],"5":[77],"6":[35],"7":[28],"8":[49],"9":[28],"10":[21]},"fnMap":{"0":{"name":"compareData","decl":{"start":{"line":3,"column":20},"end":{"line":45,"column":2}},"loc":{"start":{"line":3,"column":20},"end":{"line":45,"column":2}},"line":3}},"f":{"0":35}}
,"D:\\front\\frontend-project-46\\src\\index.js": {"path":"D:\\front\\frontend-project-46\\src\\index.js","all":false,"statementMap":{"0":{"start":{"line":1,"column":0},"end":{"line":1,"column":24}},"1":{"start":{"line":2,"column":0},"end":{"line":2,"column":20}},"2":{"start":{"line":3,"column":0},"end":{"line":3,"column":43}},"3":{"start":{"line":4,"column":0},"end":{"line":4,"column":43}},"4":{"start":{"line":5,"column":0},"end":{"line":5,"column":32}},"5":{"start":{"line":6,"column":0},"end":{"line":6,"column":0}},"6":{"start":{"line":7,"column":0},"end":{"line":7,"column":75}},"7":{"start":{"line":8,"column":0},"end":{"line":8,"column":82}},"8":{"start":{"line":9,"column":0},"end":{"line":9,"column":55}},"9":{"start":{"line":10,"column":0},"end":{"line":10,"column":0}},"10":{"start":{"line":11,"column":0},"end":{"line":11,"column":59}},"11":{"start":{"line":12,"column":0},"end":{"line":12,"column":35}},"12":{"start":{"line":13,"column":0},"end":{"line":13,"column":35}},"13":{"start":{"line":14,"column":0},"end":{"line":14,"column":50}},"14":{"start":{"line":15,"column":0},"end":{"line":15,"column":50}},"15":{"start":{"line":16,"column":0},"end":{"line":16,"column":41}},"16":{"start":{"line":17,"column":0},"end":{"line":17,"column":0}},"17":{"start":{"line":18,"column":0},"end":{"line":18,"column":34}},"18":{"start":{"line":19,"column":0},"end":{"line":19,"column":2}},"19":{"start":{"line":20,"column":0},"end":{"line":20,"column":0}},"20":{"start":{"line":21,"column":0},"end":{"line":21,"column":23}}},"s":{"0":1,"1":1,"2":1,"3":1,"4":1,"5":1,"6":1,"7":1,"8":1,"9":1,"10":1,"11":7,"12":7,"13":7,"14":7,"15":7,"16":7,"17":7,"18":7,"19":1,"20":1},"branchMap":{"0":{"type":"branch","line":7,"loc":{"start":{"line":7,"column":24},"end":{"line":7,"column":74}},"locations":[{"start":{"line":7,"column":24},"end":{"line":7,"column":74}}]},"1":{"type":"branch","line":8,"loc":{"start":{"line":8,"column":18},"end":{"line":8,"column":81}},"locations":[{"start":{"line":8,"column":18},"end":{"line":8,"column":81}}]},"2":{"type":"branch","line":9,"loc":{"start":{"line":9,"column":19},"end":{"line":9,"column":54}},"locations":[{"start":{"line":9,"column":19},"end":{"line":9,"column":54}}]},"3":{"type":"branch","line":11,"loc":{"start":{"line":11,"column":16},"end":{"line":19,"column":2}},"locations":[{"start":{"line":11,"column":16},"end":{"line":19,"column":2}}]}},"b":{"0":[14],"1":[14],"2":[14],"3":[7]},"fnMap":{"0":{"name":"getAbsolutPath","decl":{"start":{"line":7,"column":24},"end":{"line":7,"column":74}},"loc":{"start":{"line":7,"column":24},"end":{"line":7,"column":74}},"line":7},"1":{"name":"readFile","decl":{"start":{"line":8,"column":18},"end":{"line":8,"column":81}},"loc":{"start":{"line":8,"column":18},"end":{"line":8,"column":81}},"line":8},"2":{"name":"getFormat","decl":{"start":{"line":9,"column":19},"end":{"line":9,"column":54}},"loc":{"start":{"line":9,"column":19},"end":{"line":9,"column":54}},"line":9},"3":{"name":"genDiff","decl":{"start":{"line":11,"column":16},"end":{"line":19,"column":2}},"loc":{"start":{"line":11,"column":16},"end":{"line":19,"column":2}},"line":11}},"f":{"0":14,"1":14,"2":14,"3":7}}
,"D:\\front\\frontend-project-46\\src\\parser.js": {"path":"D:\\front\\frontend-project-46\\src\\parser.js","all":false,"statementMap":{"0":{"start":{"line":1,"column":0},"end":{"line":1,"column":27}},"1":{"start":{"line":2,"column":0},"end":{"line":2,"column":0}},"2":{"start":{"line":3,"column":0},"end":{"line":3,"column":33}},"3":{"start":{"line":4,"column":0},"end":{"line":4,"column":19}},"4":{"start":{"line":5,"column":0},"end":{"line":5,"column":16}},"5":{"start":{"line":6,"column":0},"end":{"line":6,"column":30}},"6":{"start":{"line":7,"column":0},"end":{"line":7,"column":15}},"7":{"start":{"line":8,"column":0},"end":{"line":8,"column":16}},"8":{"start":{"line":9,"column":0},"end":{"line":9,"column":29}},"9":{"start":{"line":10,"column":0},"end":{"line":10,"column":12}},"10":{"start":{"line":11,"column":0},"end":{"line":11,"column":52}},"11":{"start":{"line":12,"column":0},"end":{"line":12,"column":3}},"12":{"start":{"line":13,"column":0},"end":{"line":13,"column":2}},"13":{"start":{"line":14,"column":0},"end":{"line":14,"column":0}},"14":{"start":{"line":15,"column":0},"end":{"line":15,"column":21}}},"s":{"0":1,"1":1,"2":1,"3":14,"4":14,"5":8,"6":14,"7":14,"8":6,"9":14,"10":0,"11":14,"12":14,"13":1,"14":1},"branchMap":{"0":{"type":"branch","line":3,"loc":{"start":{"line":3,"column":14},"end":{"line":13,"column":2}},"locations":[{"start":{"line":3,"column":14},"end":{"line":13,"column":2}}]},"1":{"type":"branch","line":5,"loc":{"start":{"line":5,"column":4},"end":{"line":6,"column":30}},"locations":[{"start":{"line":5,"column":4},"end":{"line":6,"column":30}}]},"2":{"type":"branch","line":7,"loc":{"start":{"line":7,"column":4},"end":{"line":7,"column":15}},"locations":[{"start":{"line":7,"column":4},"end":{"line":7,"column":15}}]},"3":{"type":"branch","line":8,"loc":{"start":{"line":8,"column":4},"end":{"line":9,"column":29}},"locations":[{"start":{"line":8,"column":4},"end":{"line":9,"column":29}}]},"4":{"type":"branch","line":10,"loc":{"start":{"line":10,"column":4},"end":{"line":11,"column":52}},"locations":[{"start":{"line":10,"column":4},"end":{"line":11,"column":52}}]}},"b":{"0":[14],"1":[8],"2":[0],"3":[6],"4":[0]},"fnMap":{"0":{"name":"parse","decl":{"start":{"line":3,"column":14},"end":{"line":13,"column":2}},"loc":{"start":{"line":3,"column":14},"end":{"line":13,"column":2}},"line":3}},"f":{"0":14}}
,"D:\\front\\frontend-project-46\\src\\formatters\\index.js": {"path":"D:\\front\\frontend-project-46\\src\\formatters\\index.js","all":false,"statementMap":{"0":{"start":{"line":1,"column":0},"end":{"line":1,"column":35}},"1":{"start":{"line":2,"column":0},"end":{"line":2,"column":31}},"2":{"start":{"line":3,"column":0},"end":{"line":3,"column":0}},"3":{"start":{"line":4,"column":0},"end":{"line":4,"column":38}},"4":{"start":{"line":5,"column":0},"end":{"line":5,"column":23}},"5":{"start":{"line":6,"column":0},"end":{"line":6,"column":21}},"6":{"start":{"line":7,"column":0},"end":{"line":7,"column":27}},"7":{"start":{"line":8,"column":0},"end":{"line":8,"column":5}},"8":{"start":{"line":9,"column":0},"end":{"line":9,"column":19}},"9":{"start":{"line":10,"column":0},"end":{"line":10,"column":25}},"10":{"start":{"line":11,"column":0},"end":{"line":11,"column":5}},"11":{"start":{"line":12,"column":0},"end":{"line":12,"column":18}},"12":{"start":{"line":13,"column":0},"end":{"line":13,"column":34}},"13":{"start":{"line":14,"column":0},"end":{"line":14,"column":5}},"14":{"start":{"line":15,"column":0},"end":{"line":15,"column":12}},"15":{"start":{"line":16,"column":0},"end":{"line":16,"column":40}},"16":{"start":{"line":17,"column":0},"end":{"line":17,"column":3}},"17":{"start":{"line":18,"column":0},"end":{"line":18,"column":2}},"18":{"start":{"line":19,"column":0},"end":{"line":19,"column":0}},"19":{"start":{"line":20,"column":0},"end":{"line":20,"column":22}}},"s":{"0":1,"1":1,"2":1,"3":1,"4":7,"5":7,"6":3,"7":3,"8":7,"9":2,"10":2,"11":7,"12":2,"13":2,"14":7,"15":0,"16":7,"17":7,"18":1,"19":1},"branchMap":{"0":{"type":"branch","line":4,"loc":{"start":{"line":4,"column":15},"end":{"line":18,"column":2}},"locations":[{"start":{"line":4,"column":15},"end":{"line":18,"column":2}}]},"1":{"type":"branch","line":6,"loc":{"start":{"line":6,"column":4},"end":{"line":8,"column":5}},"locations":[{"start":{"line":6,"column":4},"end":{"line":8,"column":5}}]},"2":{"type":"branch","line":9,"loc":{"start":{"line":9,"column":4},"end":{"line":11,"column":5}},"locations":[{"start":{"line":9,"column":4},"end":{"line":11,"column":5}}]},"3":{"type":"branch","line":12,"loc":{"start":{"line":12,"column":4},"end":{"line":14,"column":5}},"locations":[{"start":{"line":12,"column":4},"end":{"line":14,"column":5}}]},"4":{"type":"branch","line":15,"loc":{"start":{"line":15,"column":4},"end":{"line":16,"column":40}},"locations":[{"start":{"line":15,"column":4},"end":{"line":16,"column":40}}]}},"b":{"0":[7],"1":[3],"2":[2],"3":[2],"4":[0]},"fnMap":{"0":{"name":"format","decl":{"start":{"line":4,"column":15},"end":{"line":18,"column":2}},"loc":{"start":{"line":4,"column":15},"end":{"line":18,"column":2}},"line":4}},"f":{"0":7}}
,"D:\\front\\frontend-project-46\\src\\formatters\\plain.js": {"path":"D:\\front\\frontend-project-46\\src\\formatters\\plain.js","all":false,"statementMap":{"0":{"start":{"line":1,"column":0},"end":{"line":1,"column":23}},"1":{"start":{"line":2,"column":0},"end":{"line":2,"column":0}},"2":{"start":{"line":3,"column":0},"end":{"line":3,"column":30}},"3":{"start":{"line":4,"column":0},"end":{"line":4,"column":26}},"4":{"start":{"line":5,"column":0},"end":{"line":5,"column":29}},"5":{"start":{"line":6,"column":0},"end":{"line":6,"column":3}},"6":{"start":{"line":7,"column":0},"end":{"line":7,"column":66}},"7":{"start":{"line":8,"column":0},"end":{"line":8,"column":2}},"8":{"start":{"line":9,"column":0},"end":{"line":9,"column":0}},"9":{"start":{"line":10,"column":0},"end":{"line":10,"column":48}},"10":{"start":{"line":11,"column":0},"end":{"line":11,"column":23}},"11":{"start":{"line":12,"column":0},"end":{"line":12,"column":17}},"12":{"start":{"line":13,"column":0},"end":{"line":13,"column":96}},"13":{"start":{"line":14,"column":0},"end":{"line":14,"column":19}},"14":{"start":{"line":15,"column":0},"end":{"line":15,"column":60}},"15":{"start":{"line":16,"column":0},"end":{"line":16,"column":21}},"16":{"start":{"line":17,"column":0},"end":{"line":17,"column":18}},"17":{"start":{"line":18,"column":0},"end":{"line":18,"column":19}},"18":{"start":{"line":19,"column":0},"end":{"line":19,"column":132}},"19":{"start":{"line":20,"column":0},"end":{"line":20,"column":18}},"20":{"start":{"line":21,"column":0},"end":{"line":21,"column":87}},"21":{"start":{"line":22,"column":0},"end":{"line":22,"column":52}},"22":{"start":{"line":23,"column":0},"end":{"line":23,"column":12}},"23":{"start":{"line":24,"column":0},"end":{"line":24,"column":53}},"24":{"start":{"line":25,"column":0},"end":{"line":25,"column":3}},"25":{"start":{"line":26,"column":0},"end":{"line":26,"column":2}},"26":{"start":{"line":27,"column":0},"end":{"line":27,"column":0}},"27":{"start":{"line":28,"column":0},"end":{"line":28,"column":122}}},"s":{"0":1,"1":1,"2":1,"3":26,"4":6,"5":6,"6":26,"7":26,"8":1,"9":1,"10":36,"11":36,"12":10,"13":36,"14":4,"15":36,"16":6,"17":36,"18":8,"19":36,"20":8,"21":8,"22":36,"23":0,"24":36,"25":36,"26":1,"27":1},"branchMap":{"0":{"type":"branch","line":3,"loc":{"start":{"line":3,"column":19},"end":{"line":8,"column":2}},"locations":[{"start":{"line":3,"column":19},"end":{"line":8,"column":2}}]},"1":{"type":"branch","line":4,"loc":{"start":{"line":4,"column":25},"end":{"line":6,"column":3}},"locations":[{"start":{"line":4,"column":25},"end":{"line":6,"column":3}}]},"2":{"type":"branch","line":6,"loc":{"start":{"line":6,"column":2},"end":{"line":7,"column":37}},"locations":[{"start":{"line":6,"column":2},"end":{"line":7,"column":37}}]},"3":{"type":"branch","line":7,"loc":{"start":{"line":7,"column":34},"end":{"line":7,"column":49}},"locations":[{"start":{"line":7,"column":34},"end":{"line":7,"column":49}}]},"4":{"type":"branch","line":7,"loc":{"start":{"line":7,"column":49},"end":{"line":7,"column":65}},"locations":[{"start":{"line":7,"column":49},"end":{"line":7,"column":65}}]},"5":{"type":"branch","line":10,"loc":{"start":{"line":10,"column":23},"end":{"line":26,"column":2}},"locations":[{"start":{"line":10,"column":23},"end":{"line":26,"column":2}}]},"6":{"type":"branch","line":12,"loc":{"start":{"line":12,"column":4},"end":{"line":13,"column":96}},"locations":[{"start":{"line":12,"column":4},"end":{"line":13,"column":96}}]},"7":{"type":"branch","line":14,"loc":{"start":{"line":14,"column":4},"end":{"line":15,"column":60}},"locations":[{"start":{"line":14,"column":4},"end":{"line":15,"column":60}}]},"8":{"type":"branch","line":16,"loc":{"start":{"line":16,"column":4},"end":{"line":17,"column":18}},"locations":[{"start":{"line":16,"column":4},"end":{"line":17,"column":18}}]},"9":{"type":"branch","line":18,"loc":{"start":{"line":18,"column":4},"end":{"line":19,"column":132}},"locations":[{"start":{"line":18,"column":4},"end":{"line":19,"column":132}}]},"10":{"type":"branch","line":20,"loc":{"start":{"line":20,"column":4},"end":{"line":22,"column":52}},"locations":[{"start":{"line":20,"column":4},"end":{"line":22,"column":52}}]},"11":{"type":"branch","line":23,"loc":{"start":{"line":23,"column":4},"end":{"line":24,"column":53}},"locations":[{"start":{"line":23,"column":4},"end":{"line":24,"column":53}}]},"12":{"type":"branch","line":21,"loc":{"start":{"line":21,"column":33},"end":{"line":21,"column":86}},"locations":[{"start":{"line":21,"column":33},"end":{"line":21,"column":86}}]},"13":{"type":"branch","line":22,"loc":{"start":{"line":22,"column":17},"end":{"line":22,"column":39}},"locations":[{"start":{"line":22,"column":17},"end":{"line":22,"column":39}}]},"14":{"type":"branch","line":28,"loc":{"start":{"line":28,"column":16},"end":{"line":28,"column":121}},"locations":[{"start":{"line":28,"column":16},"end":{"line":28,"column":121}}]},"15":{"type":"branch","line":28,"loc":{"start":{"line":28,"column":40},"end":{"line":28,"column":75}},"locations":[{"start":{"line":28,"column":40},"end":{"line":28,"column":75}}]},"16":{"type":"branch","line":28,"loc":{"start":{"line":28,"column":85},"end":{"line":28,"column":107}},"locations":[{"start":{"line":28,"column":85},"end":{"line":28,"column":107}}]}},"b":{"0":[26],"1":[6],"2":[20],"3":[14],"4":[6],"5":[36],"6":[10],"7":[4],"8":[6],"9":[8],"10":[8],"11":[0],"12":[28],"13":[28],"14":[2],"15":[8],"16":[8]},"fnMap":{"0":{"name":"stringify","decl":{"start":{"line":3,"column":19},"end":{"line":8,"column":2}},"loc":{"start":{"line":3,"column":19},"end":{"line":8,"column":2}},"line":3},"1":{"name":"getPlainFormat","decl":{"start":{"line":10,"column":23},"end":{"line":26,"column":2}},"loc":{"start":{"line":10,"column":23},"end":{"line":26,"column":2}},"line":10},"2":{"name":"default","decl":{"start":{"line":28,"column":16},"end":{"line":28,"column":121}},"loc":{"start":{"line":28,"column":16},"end":{"line":28,"column":121}},"line":28}},"f":{"0":26,"1":36,"2":2}}
,"D:\\front\\frontend-project-46\\src\\formatters\\stylish.js": {"path":"D:\\front\\frontend-project-46\\src\\formatters\\stylish.js","all":false,"statementMap":{"0":{"start":{"line":1,"column":0},"end":{"line":1,"column":41}},"1":{"start":{"line":2,"column":0},"end":{"line":2,"column":23}},"2":{"start":{"line":3,"column":0},"end":{"line":3,"column":0}},"3":{"start":{"line":4,"column":0},"end":{"line":4,"column":17}},"4":{"start":{"line":5,"column":0},"end":{"line":5,"column":13}},"5":{"start":{"line":6,"column":0},"end":{"line":6,"column":15}},"6":{"start":{"line":7,"column":0},"end":{"line":7,"column":17}},"7":{"start":{"line":8,"column":0},"end":{"line":8,"column":14}},"8":{"start":{"line":9,"column":0},"end":{"line":9,"column":2}},"9":{"start":{"line":10,"column":0},"end":{"line":10,"column":0}},"10":{"start":{"line":11,"column":0},"end":{"line":11,"column":21}},"11":{"start":{"line":12,"column":0},"end":{"line":12,"column":23}},"12":{"start":{"line":13,"column":0},"end":{"line":13,"column":0}},"13":{"start":{"line":14,"column":0},"end":{"line":14,"column":31}},"14":{"start":{"line":15,"column":0},"end":{"line":15,"column":18}},"15":{"start":{"line":16,"column":0},"end":{"line":16,"column":55}},"16":{"start":{"line":17,"column":0},"end":{"line":17,"column":2}},"17":{"start":{"line":18,"column":0},"end":{"line":18,"column":0}},"18":{"start":{"line":19,"column":0},"end":{"line":19,"column":41}},"19":{"start":{"line":20,"column":0},"end":{"line":20,"column":27}},"20":{"start":{"line":21,"column":0},"end":{"line":21,"column":17}},"21":{"start":{"line":22,"column":0},"end":{"line":22,"column":3}},"22":{"start":{"line":23,"column":0},"end":{"line":23,"column":34}},"23":{"start":{"line":24,"column":0},"end":{"line":24,"column":27}},"24":{"start":{"line":25,"column":0},"end":{"line":25,"column":60}},"25":{"start":{"line":26,"column":0},"end":{"line":26,"column":17}},"26":{"start":{"line":27,"column":0},"end":{"line":27,"column":16}},"27":{"start":{"line":28,"column":0},"end":{"line":28,"column":8}},"28":{"start":{"line":29,"column":0},"end":{"line":29,"column":4}},"29":{"start":{"line":30,"column":0},"end":{"line":30,"column":61}},"30":{"start":{"line":31,"column":0},"end":{"line":31,"column":2}},"31":{"start":{"line":32,"column":0},"end":{"line":32,"column":0}},"32":{"start":{"line":33,"column":0},"end":{"line":33,"column":48}},"33":{"start":{"line":34,"column":0},"end":{"line":34,"column":35}},"34":{"start":{"line":35,"column":0},"end":{"line":35,"column":43}},"35":{"start":{"line":36,"column":0},"end":{"line":36,"column":0}},"36":{"start":{"line":37,"column":0},"end":{"line":37,"column":23}},"37":{"start":{"line":38,"column":0},"end":{"line":38,"column":17}},"38":{"start":{"line":39,"column":0},"end":{"line":39,"column":19}},"39":{"start":{"line":40,"column":0},"end":{"line":40,"column":21}},"40":{"start":{"line":41,"column":0},"end":{"line":41,"column":41}},"41":{"start":{"line":42,"column":0},"end":{"line":42,"column":28}},"42":{"start":{"line":43,"column":0},"end":{"line":43,"column":53}},"43":{"start":{"line":44,"column":0},"end":{"line":44,"column":54}},"44":{"start":{"line":45,"column":0},"end":{"line":45,"column":0}},"45":{"start":{"line":46,"column":0},"end":{"line":46,"column":19}},"46":{"start":{"line":47,"column":0},"end":{"line":47,"column":44}},"47":{"start":{"line":48,"column":0},"end":{"line":48,"column":40}},"48":{"start":{"line":49,"column":0},"end":{"line":49,"column":35}},"49":{"start":{"line":50,"column":0},"end":{"line":50,"column":65}},"50":{"start":{"line":51,"column":0},"end":{"line":51,"column":63}},"51":{"start":{"line":52,"column":0},"end":{"line":52,"column":131}},"52":{"start":{"line":53,"column":0},"end":{"line":53,"column":0}},"53":{"start":{"line":54,"column":0},"end":{"line":54,"column":18}},"54":{"start":{"line":55,"column":0},"end":{"line":55,"column":34}},"55":{"start":{"line":56,"column":0},"end":{"line":56,"column":96}},"56":{"start":{"line":57,"column":0},"end":{"line":57,"column":72}},"57":{"start":{"line":58,"column":0},"end":{"line":58,"column":0}},"58":{"start":{"line":59,"column":0},"end":{"line":59,"column":12}},"59":{"start":{"line":60,"column":0},"end":{"line":60,"column":53}},"60":{"start":{"line":61,"column":0},"end":{"line":61,"column":3}},"61":{"start":{"line":62,"column":0},"end":{"line":62,"column":2}},"62":{"start":{"line":63,"column":0},"end":{"line":63,"column":0}},"63":{"start":{"line":64,"column":0},"end":{"line":64,"column":95}}},"s":{"0":1,"1":1,"2":1,"3":1,"4":1,"5":1,"6":1,"7":1,"8":1,"9":1,"10":1,"11":1,"12":1,"13":1,"14":156,"15":156,"16":156,"17":1,"18":1,"19":81,"20":60,"21":60,"22":21,"23":21,"24":21,"25":27,"26":27,"27":27,"28":21,"29":21,"30":21,"31":1,"32":1,"33":54,"34":54,"35":54,"36":54,"37":54,"38":54,"39":54,"40":30,"41":30,"42":30,"43":30,"44":54,"45":54,"46":12,"47":12,"48":12,"49":12,"50":12,"51":12,"52":54,"53":54,"54":12,"55":12,"56":12,"57":54,"58":54,"59":0,"60":54,"61":0,"62":1,"63":1},"branchMap":{"0":{"type":"branch","line":14,"loc":{"start":{"line":14,"column":20},"end":{"line":17,"column":2}},"locations":[{"start":{"line":14,"column":20},"end":{"line":17,"column":2}}]},"1":{"type":"branch","line":19,"loc":{"start":{"line":19,"column":18},"end":{"line":31,"column":2}},"locations":[{"start":{"line":19,"column":18},"end":{"line":31,"column":2}}]},"2":{"type":"branch","line":20,"loc":{"start":{"line":20,"column":26},"end":{"line":22,"column":3}},"locations":[{"start":{"line":20,"column":26},"end":{"line":22,"column":3}}]},"3":{"type":"branch","line":22,"loc":{"start":{"line":22,"column":2},"end":{"line":31,"column":2}},"locations":[{"start":{"line":22,"column":2},"end":{"line":31,"column":2}}]},"4":{"type":"branch","line":25,"loc":{"start":{"line":25,"column":5},"end":{"line":28,"column":8}},"locations":[{"start":{"line":25,"column":5},"end":{"line":28,"column":8}}]},"5":{"type":"branch","line":33,"loc":{"start":{"line":33,"column":25},"end":{"line":62,"column":2}},"locations":[{"start":{"line":33,"column":25},"end":{"line":62,"column":2}}]},"6":{"type":"branch","line":38,"loc":{"start":{"line":38,"column":4},"end":{"line":38,"column":17}},"locations":[{"start":{"line":38,"column":4},"end":{"line":38,"column":17}}]},"7":{"type":"branch","line":39,"loc":{"start":{"line":39,"column":4},"end":{"line":39,"column":19}},"locations":[{"start":{"line":39,"column":4},"end":{"line":39,"column":19}}]},"8":{"type":"branch","line":40,"loc":{"start":{"line":40,"column":4},"end":{"line":44,"column":54}},"locations":[{"start":{"line":40,"column":4},"end":{"line":44,"column":54}}]},"9":{"type":"branch","line":46,"loc":{"start":{"line":46,"column":4},"end":{"line":52,"column":131}},"locations":[{"start":{"line":46,"column":4},"end":{"line":52,"column":131}}]},"10":{"type":"branch","line":54,"loc":{"start":{"line":54,"column":4},"end":{"line":57,"column":72}},"locations":[{"start":{"line":54,"column":4},"end":{"line":57,"column":72}}]},"11":{"type":"branch","line":59,"loc":{"start":{"line":59,"column":4},"end":{"line":60,"column":53}},"locations":[{"start":{"line":59,"column":4},"end":{"line":60,"column":53}}]},"12":{"type":"branch","line":61,"loc":{"start":{"line":61,"column":2},"end":{"line":62,"column":2}},"locations":[{"start":{"line":61,"column":2},"end":{"line":62,"column":2}}]},"13":{"type":"branch","line":56,"loc":{"start":{"line":56,"column":43},"end":{"line":56,"column":83}},"locations":[{"start":{"line":56,"column":43},"end":{"line":56,"column":83}}]},"14":{"type":"branch","line":64,"loc":{"start":{"line":64,"column":16},"end":{"line":64,"column":94}},"locations":[{"start":{"line":64,"column":16},"end":{"line":64,"column":94}}]},"15":{"type":"branch","line":64,"loc":{"start":{"line":64,"column":41},"end":{"line":64,"column":77}},"locations":[{"start":{"line":64,"column":41},"end":{"line":64,"column":77}}]}},"b":{"0":[156],"1":[81],"2":[60],"3":[21],"4":[27],"5":[54],"6":[15],"7":[21],"8":[30],"9":[12],"10":[12],"11":[0],"12":[0],"13":[42],"14":[3],"15":[12]},"fnMap":{"0":{"name":"makeIndent","decl":{"start":{"line":14,"column":20},"end":{"line":17,"column":2}},"loc":{"start":{"line":14,"column":20},"end":{"line":17,"column":2}},"line":14},"1":{"name":"stringify","decl":{"start":{"line":19,"column":18},"end":{"line":31,"column":2}},"loc":{"start":{"line":19,"column":18},"end":{"line":31,"column":2}},"line":19},"2":{"name":"getStylishFormat","decl":{"start":{"line":33,"column":25},"end":{"line":62,"column":2}},"loc":{"start":{"line":33,"column":25},"end":{"line":62,"column":2}},"line":33},"3":{"name":"default","decl":{"start":{"line":64,"column":16},"end":{"line":64,"column":94}},"loc":{"start":{"line":64,"column":16},"end":{"line":64,"column":94}},"line":64}},"f":{"0":156,"1":81,"2":54,"3":3}}
}
