TN:
SF:bin\gendiff.js
FN:28,generateDiff
FN:53,gendiff
FN:60,runCLI
FNF:3
FNH:2
FNDA:6,generateDiff
FNDA:6,gendiff
FNDA:0,runCLI
DA:1,1
DA:2,1
DA:3,1
DA:4,1
DA:5,1
DA:6,1
DA:7,1
DA:8,1
DA:9,1
DA:10,1
DA:11,1
DA:12,1
DA:13,1
DA:14,1
DA:15,1
DA:16,0
DA:17,0
DA:18,0
DA:19,0
DA:20,0
DA:21,0
DA:22,0
DA:23,0
DA:24,0
DA:25,0
DA:26,1
DA:27,1
DA:28,6
DA:29,6
DA:30,6
DA:31,6
DA:32,6
DA:33,6
DA:34,6
DA:35,30
DA:36,24
DA:37,18
DA:38,18
DA:39,18
DA:40,18
DA:41,24
DA:42,12
DA:43,12
DA:44,30
DA:45,6
DA:46,6
DA:47,6
DA:48,6
DA:49,6
DA:50,6
DA:51,1
DA:52,1
DA:53,1
DA:54,6
DA:55,6
DA:56,6
DA:57,6
DA:58,1
DA:59,1
DA:60,1
DA:61,0
DA:62,0
DA:63,1
DA:64,1
DA:65,0
DA:66,0
LF:66
LH:52
BRDA:64,0,0,0
BRDA:28,1,0,6
BRDA:34,2,0,30
BRDA:35,3,0,24
BRDA:36,4,0,18
BRDA:41,5,0,12
BRDA:44,6,0,6
BRDA:53,7,0,6
BRF:8
BRH:7
end_of_record
TN:
SF:bin\parser.js
FN:5,parseFile
FNF:1
FNH:1
FNDA:12,parseFile
DA:1,1
DA:2,1
DA:3,1
DA:4,1
DA:5,12
DA:6,12
DA:7,12
DA:8,12
DA:9,12
DA:10,12
DA:11,6
DA:12,12
DA:13,12
DA:14,6
DA:15,12
DA:16,0
DA:17,12
DA:18,12
DA:19,1
DA:20,1
LF:20
LH:19
BRDA:5,0,0,12
BRDA:10,1,0,6
BRDA:12,2,0,6
BRDA:13,3,0,6
BRDA:15,4,0,0
BRF:5
BRH:4
end_of_record
