TN:
SF:bin\gendiff.js
FN:28,generateDiff
FN:51,gendiff
FN:58,runCLI
FNF:3
FNH:2
FNDA:3,generateDiff
FNDA:3,gendiff
FNDA:0,runCLI
DA:1,1
DA:2,1
DA:3,1
DA:4,1
DA:5,1
DA:6,1
DA:7,1
DA:8,1
DA:9,1
DA:10,1
DA:11,1
DA:12,1
DA:13,1
DA:14,1
DA:15,1
DA:16,0
DA:17,0
DA:18,0
DA:19,0
DA:20,0
DA:21,0
DA:22,0
DA:23,0
DA:24,0
DA:25,0
DA:26,1
DA:27,1
DA:28,3
DA:29,3
DA:30,3
DA:31,3
DA:32,3
DA:33,3
DA:34,3
DA:35,15
DA:36,12
DA:37,9
DA:38,9
DA:39,12
DA:40,6
DA:41,6
DA:42,15
DA:43,3
DA:44,3
DA:45,3
DA:46,3
DA:47,3
DA:48,3
DA:49,1
DA:50,1
DA:51,1
DA:52,3
DA:53,3
DA:54,3
DA:55,3
DA:56,1
DA:57,1
DA:58,1
DA:59,0
DA:60,0
DA:61,1
DA:62,1
DA:63,0
DA:64,0
LF:64
LH:50
BRDA:62,0,0,0
BRDA:28,1,0,3
BRDA:34,2,0,15
BRDA:35,3,0,12
BRDA:36,4,0,9
BRDA:39,5,0,6
BRDA:42,6,0,3
BRDA:51,7,0,3
BRF:8
BRH:7
end_of_record
TN:
SF:bin\parser.js
FN:5,parseFile
FNF:1
FNH:1
FNDA:6,parseFile
DA:1,1
DA:2,1
DA:3,1
DA:4,1
DA:5,6
DA:6,6
DA:7,6
DA:8,6
DA:9,6
DA:10,6
DA:11,6
DA:12,6
DA:13,6
DA:14,0
DA:15,6
DA:16,0
DA:17,6
DA:18,6
DA:19,1
DA:20,1
LF:20
LH:18
BRDA:5,0,0,6
BRDA:12,1,0,0
BRDA:13,2,0,0
BRDA:15,3,0,0
BRF:4
BRH:1
end_of_record
